2025-10-25 11:04:50,575 - INFO - NumExpr defaulting to 8 threads.
2025-10-25 11:04:50,762 - INFO - Scheduler initialized.
2025-10-26 10:57:41,427 - INFO - NumExpr defaulting to 8 threads.
2025-10-26 10:57:41,923 - INFO - Scheduler initialized.
2025-10-26 11:00:41,947 - INFO - Started job...
2025-10-26 11:00:42,143 - INFO - Bitcoin price (API) retrieved successfully: $112457
2025-10-26 11:00:42,153 - INFO - Bitcoin data saved to ../data/bitcoin.csv
2025-10-26 11:00:42,153 - INFO - ✅ Bitcoin data saved.
2025-10-26 11:00:42,304 - INFO - Open-Meteo weather data retrieved: {'date': '2025-10-26', 'temperature': 9.1, 'wind_speed': 22.7, 'weather_code': 3, 'source': 'Open-Meteo API'}
2025-10-26 11:00:42,307 - INFO - Open-Meteo data saved to ../data/open_meteo.csv
2025-10-26 11:00:42,315 - ERROR - Error saving weather data to HDF5: ``/Users/dianalosch/PycharmProjects/scraping_project/scrapers/data`` does not exist
2025-10-26 11:00:42,315 - INFO - ✅ Weather data saved.
2025-10-26 11:00:42,423 - INFO - 32 earthquake(s) parsed from USGS.
2025-10-26 11:00:42,426 - INFO - USGS data saved to ../data/usgs.csv
2025-10-26 11:00:42,430 - ERROR - Error saving earthquake data to HDF5: ``/Users/dianalosch/PycharmProjects/scraping_project/scrapers/data`` does not exist
2025-10-26 11:00:42,430 - INFO - ✅ Earthquake data saved.
2025-10-26 11:00:42,430 - INFO - All scrapers completed.

2025-10-27 10:58:56,369 - INFO - NumExpr defaulting to 8 threads.
2025-10-27 10:58:56,716 - INFO - Scheduler initialized.
2025-10-27 11:00:56,731 - INFO - Started job...
2025-10-27 11:00:56,878 - INFO - Bitcoin price (API) retrieved successfully: $115270
2025-10-27 11:00:56,889 - INFO - Bitcoin data saved to ../data/bitcoin.csv
2025-10-27 11:00:56,889 - INFO - ✅ Bitcoin data saved.
2025-10-27 11:00:57,026 - INFO - Open-Meteo weather data retrieved: {'date': '2025-10-27', 'temperature': 7.8, 'wind_speed': 17.9, 'weather_code': 61, 'source': 'Open-Meteo API'}
2025-10-27 11:00:57,028 - INFO - Open-Meteo data saved to ../data/open_meteo.csv
2025-10-27 11:00:57,031 - ERROR - Error saving weather data to HDF5: ``/Users/dianalosch/PycharmProjects/scraping_project/scrapers/data`` does not exist
2025-10-27 11:00:57,032 - INFO - ✅ Weather data saved.
2025-10-27 11:00:57,132 - INFO - 30 earthquake(s) parsed from USGS.
2025-10-27 11:00:57,139 - INFO - USGS data saved to ../data/usgs.csv
2025-10-27 11:00:57,141 - ERROR - Error saving earthquake data to HDF5: ``/Users/dianalosch/PycharmProjects/scraping_project/scrapers/data`` does not exist
2025-10-27 11:00:57,141 - INFO - ✅ Earthquake data saved.
2025-10-27 11:00:57,141 - INFO - All scrapers completed.

2025-10-28 13:06:01,650 - INFO - NumExpr defaulting to 8 threads.
2025-10-28 13:06:01,995 - INFO - Scheduler initialized.
2025-10-28 13:07:46,562 - INFO - NumExpr defaulting to 8 threads.
2025-10-28 13:07:46,750 - INFO - Scheduler initialized.
2025-10-28 13:08:46,762 - INFO - Started job...
2025-10-28 13:08:46,947 - INFO - Bitcoin price (API) retrieved successfully: $114300
2025-10-28 13:08:46,959 - INFO - Bitcoin data saved to ../data/bitcoin.csv
2025-10-28 13:08:46,959 - INFO - ✅ Bitcoin data saved.
2025-10-28 13:08:47,122 - INFO - Open-Meteo weather data retrieved: {'date': '2025-10-28', 'temperature': 8.9, 'wind_speed': 16.3, 'weather_code': 61, 'source': 'Open-Meteo API'}
2025-10-28 13:08:47,128 - INFO - Open-Meteo data saved to ../data/open_meteo.csv
2025-10-28 13:08:47,158 - INFO - ✅ Data saved to /Users/dianalosch/PycharmProjects/data/dataset.h5 under key 'weather' with 1 total records.
2025-10-28 13:08:47,158 - INFO - Open-Meteo data also saved to dataset.h5 (HDF5).
2025-10-28 13:08:47,158 - INFO - ✅ Weather data saved.
2025-10-28 13:08:47,263 - INFO - 42 earthquake(s) parsed from USGS.
2025-10-28 13:08:47,272 - INFO - USGS data saved to ../data/usgs.csv
2025-10-28 13:08:47,281 - INFO - ✅ Data saved to /Users/dianalosch/PycharmProjects/data/dataset.h5 under key 'earthquakes' with 2 total records.
2025-10-28 13:08:47,281 - INFO - USGS data also saved to dataset.h5 (HDF5).
2025-10-28 13:08:47,281 - INFO - ✅ Earthquake data saved.
2025-10-28 13:08:47,281 - INFO - All scrapers completed.

2025-10-28 13:10:11,532 - INFO - NumExpr defaulting to 8 threads.
2025-10-28 13:10:11,630 - INFO - Scheduler initialized.
2025-10-28 13:53:15,843 - INFO - NumExpr defaulting to 8 threads.
2025-10-28 13:53:16,040 - INFO - Scheduler initialized.
2025-10-28 13:57:45,961 - INFO - NumExpr defaulting to 8 threads.
2025-10-28 13:57:46,153 - INFO - Scheduler initialized.
2025-10-28 14:01:40,954 - INFO - NumExpr defaulting to 8 threads.
2025-10-28 14:01:41,139 - INFO - Scheduler initialized.
2025-10-28 14:03:41,153 - INFO - Started job...
2025-10-28 14:03:41,310 - INFO - Bitcoin price (API) retrieved successfully: $114460
2025-10-28 14:03:41,317 - INFO - Bitcoin data for today's date already exists. Skipping save.
2025-10-28 14:03:41,317 - INFO - ✅ Bitcoin data saved.
2025-10-28 14:03:41,472 - INFO - Open-Meteo weather data retrieved: {'date': '2025-10-28', 'temperature': 9.4, 'wind_speed': 17.9, 'weather_code': 61, 'source': 'Open-Meteo API'}
2025-10-28 14:03:41,475 - INFO - Open-Meteo data for today's date already exists. Skipping CSV save.
2025-10-28 14:03:41,508 - INFO - ✅ Data saved to /Users/dianalosch/PycharmProjects/data/dataset.h5 under key 'weather' with 1 total records.
2025-10-28 14:03:41,509 - INFO - Open-Meteo data also saved to dataset.h5 (HDF5).
2025-10-28 14:03:41,509 - INFO - ✅ Weather data saved.
2025-10-28 14:03:41,646 - INFO - 39 earthquake(s) parsed from USGS.
2025-10-28 14:03:41,655 - INFO - All USGS records already exist. Skipping save.
2025-10-28 14:03:41,655 - INFO - ✅ Earthquake data saved.
2025-10-28 14:03:41,656 - INFO - All scrapers completed.

2025-10-31 11:02:51,854 - INFO - NumExpr defaulting to 8 threads.
2025-10-31 11:02:52,468 - INFO - Scheduler initialized.
2025-10-31 16:41:02,505 - INFO - NumExpr defaulting to 8 threads.
2025-10-31 16:41:02,709 - INFO - Scheduler initialized.
2025-10-31 16:43:11,455 - INFO - NumExpr defaulting to 8 threads.
2025-10-31 16:43:11,600 - INFO - Scheduler initialized.
2025-10-31 16:44:11,609 - INFO - Started job...
2025-10-31 16:44:11,761 - INFO - Bitcoin price (API) retrieved successfully: $110201
2025-10-31 16:44:11,770 - INFO - Bitcoin data saved to ../data/bitcoin.csv
2025-10-31 16:44:11,770 - INFO - ✅ Bitcoin data saved.
2025-10-31 16:44:11,908 - INFO - Open-Meteo weather data retrieved: {'date': '2025-10-31', 'temperature': 11.6, 'wind_speed': 9.7, 'weather_code': 3, 'source': 'Open-Meteo API'}
2025-10-31 16:44:11,912 - INFO - Open-Meteo data saved to ../data/open_meteo.csv
2025-10-31 16:44:11,952 - INFO - ✅ Data saved to /Users/dianalosch/PycharmProjects/data/dataset.h5 under key 'weather' with 2 total records.
2025-10-31 16:44:11,952 - INFO - Open-Meteo data also saved to dataset.h5 (HDF5).
2025-10-31 16:44:11,952 - INFO - ✅ Weather data saved.
2025-10-31 16:44:12,051 - INFO - 30 earthquake(s) parsed from USGS.
2025-10-31 16:44:12,057 - INFO - USGS data saved to ../data/usgs.csv
2025-10-31 16:44:12,066 - INFO - ✅ Data saved to /Users/dianalosch/PycharmProjects/data/dataset.h5 under key 'earthquakes' with 2 total records.
2025-10-31 16:44:12,066 - INFO - USGS data also saved to dataset.h5 (HDF5).
2025-10-31 16:44:12,066 - INFO - ✅ Earthquake data saved.
2025-10-31 16:44:12,066 - INFO - All scrapers completed.

2025-10-31 17:10:36,217 - INFO - NumExpr defaulting to 8 threads.
2025-10-31 17:10:36,407 - INFO - Scheduler initialized.
2025-10-31 17:11:36,413 - INFO - Started job...
2025-10-31 17:11:36,588 - INFO - Bitcoin price (API) retrieved successfully: $110016
2025-10-31 17:11:36,596 - INFO - Bitcoin data for today's date already exists. Skipping save.
2025-10-31 17:11:36,596 - INFO - ✅ Bitcoin data saved.
2025-10-31 17:11:36,724 - INFO - Open-Meteo weather data retrieved: {'date': '2025-10-31', 'temperature': 11.3, 'wind_speed': 9.7, 'weather_code': 3, 'source': 'Open-Meteo API'}
2025-10-31 17:11:36,727 - INFO - Open-Meteo data for today's date already exists. Skipping CSV save.
2025-10-31 17:11:36,753 - INFO - ✅ Data saved to /Users/dianalosch/PycharmProjects/data/dataset.h5 under key 'weather' with 1 total records.
2025-10-31 17:11:36,753 - INFO - Open-Meteo data also saved to dataset.h5 (HDF5).
2025-10-31 17:11:36,753 - INFO - ✅ Weather data saved.
2025-10-31 17:11:36,854 - INFO - 31 earthquake(s) parsed from USGS.
2025-10-31 17:11:36,864 - INFO - USGS data saved to ../data/usgs.csv
2025-10-31 17:11:36,871 - INFO - ✅ Data saved to /Users/dianalosch/PycharmProjects/data/dataset.h5 under key 'earthquakes' with 1 total records.
2025-10-31 17:11:36,871 - INFO - USGS data also saved to dataset.h5 (HDF5).
2025-10-31 17:11:36,871 - INFO - ✅ Earthquake data saved.
2025-10-31 17:11:36,871 - INFO - All scrapers completed.

2025-10-31 19:09:47,864 - INFO - NumExpr defaulting to 8 threads.
2025-10-31 19:09:48,006 - INFO - Scheduler initialized.
2025-10-31 20:15:37,766 - INFO - NumExpr defaulting to 8 threads.
2025-10-31 20:15:37,912 - INFO - Scheduler initialized.
2025-10-31 20:16:37,917 - INFO - Started job...
2025-10-31 20:16:38,066 - INFO - Bitcoin price (API) retrieved successfully: $109236
2025-10-31 20:16:38,074 - INFO - Bitcoin data for today's date already exists. Skipping CSV save.
2025-10-31 20:16:38,095 - INFO - ✅ Data saved to /Users/dianalosch/PycharmProjects/data/dataset.h5 under key 'bitcoin' with 2 total records.
2025-10-31 20:16:38,095 - INFO - Bitcoin data also saved to dataset.h5 (HDF5).
2025-10-31 20:16:38,095 - INFO - ✅ Bitcoin data saved.
2025-10-31 20:16:38,231 - INFO - Open-Meteo weather data retrieved: {'date': '2025-10-31', 'temperature': 9.5, 'wind_speed': 8.9, 'weather_code': 3, 'source': 'Open-Meteo API'}
2025-10-31 20:16:38,233 - INFO - Open-Meteo data for today's date already exists. Skipping CSV save.
2025-10-31 20:16:38,246 - INFO - ✅ Data saved to /Users/dianalosch/PycharmProjects/data/dataset.h5 under key 'weather' with 2 total records.
2025-10-31 20:16:38,246 - INFO - Open-Meteo data also saved to dataset.h5 (HDF5).
2025-10-31 20:16:38,246 - INFO - ✅ Weather data saved.
2025-10-31 20:16:38,375 - INFO - 36 earthquake(s) parsed from USGS.
2025-10-31 20:16:38,386 - INFO - USGS data saved to ../data/usgs.csv
2025-10-31 20:16:38,398 - INFO - ✅ Data saved to /Users/dianalosch/PycharmProjects/data/dataset.h5 under key 'earthquakes' with 1 total records.
2025-10-31 20:16:38,398 - INFO - USGS data also saved to dataset.h5 (HDF5).
2025-10-31 20:16:38,398 - INFO - ✅ Earthquake data saved.
2025-10-31 20:16:38,398 - INFO - All scrapers completed.

2025-11-01 11:04:52,477 - WARNING - State file not found.
2025-11-01 11:04:52,487 - INFO - Skipped job — outside valid window.
2025-11-01 12:58:37,724 - INFO - NumExpr defaulting to 8 threads.
2025-11-01 12:58:37,923 - INFO - Scheduler initialized.
